Started GET "/" for ::1 at 2016-12-10 12:59:58 +0800
Processing by Rails::WelcomeController#index as HTML
  Parameters: {"internal"=>true}
  Rendering /Users/hizxb/.rvm/gems/ruby-2.3.1/gems/railties-5.0.0.1/lib/rails/templates/rails/welcome/index.html.erb
  Rendered /Users/hizxb/.rvm/gems/ruby-2.3.1/gems/railties-5.0.0.1/lib/rails/templates/rails/welcome/index.html.erb (4.3ms)
Completed 200 OK in 19ms (Views: 8.9ms | ActiveRecord: 0.0ms)


  [1m[35m (0.9ms)[0m  [1m[35mCREATE TABLE "schema_migrations" ("version" varchar NOT NULL PRIMARY KEY)[0m
  [1m[35m (0.8ms)[0m  [1m[35mCREATE TABLE "ar_internal_metadata" ("key" varchar NOT NULL PRIMARY KEY, "value" varchar, "created_at" datetime NOT NULL, "updated_at" datetime NOT NULL)[0m
  [1m[36mActiveRecord::SchemaMigration Load (0.1ms)[0m  [1m[34mSELECT "schema_migrations".* FROM "schema_migrations"[0m
Migrating to CreateTopics (20161210050841)
  [1m[35m (0.1ms)[0m  [1m[36mbegin transaction[0m
  [1m[35m (0.4ms)[0m  [1m[35mCREATE TABLE "topics" ("id" INTEGER PRIMARY KEY AUTOINCREMENT NOT NULL, "title" varchar, "description" text, "created_at" datetime NOT NULL, "updated_at" datetime NOT NULL)[0m
  [1m[35mSQL (0.1ms)[0m  [1m[32mINSERT INTO "schema_migrations" ("version") VALUES (?)[0m  [["version", "20161210050841"]]
  [1m[35m (0.6ms)[0m  [1m[36mcommit transaction[0m
  [1m[36mActiveRecord::InternalMetadata Load (0.1ms)[0m  [1m[34mSELECT  "ar_internal_metadata".* FROM "ar_internal_metadata" WHERE "ar_internal_metadata"."key" = ? LIMIT ?[0m  [["key", :environment], ["LIMIT", 1]]
  [1m[35m (0.1ms)[0m  [1m[36mbegin transaction[0m
  [1m[35mSQL (0.3ms)[0m  [1m[32mINSERT INTO "ar_internal_metadata" ("key", "value", "created_at", "updated_at") VALUES (?, ?, ?, ?)[0m  [["key", "environment"], ["value", "development"], ["created_at", 2016-12-10 05:09:19 UTC], ["updated_at", 2016-12-10 05:09:19 UTC]]
  [1m[35m (0.6ms)[0m  [1m[36mcommit transaction[0m
  [1m[36mActiveRecord::SchemaMigration Load (0.1ms)[0m  [1m[34mSELECT "schema_migrations".* FROM "schema_migrations"[0m
Started GET "/topics" for ::1 at 2016-12-10 13:09:39 +0800
  [1m[36mActiveRecord::SchemaMigration Load (0.1ms)[0m  [1m[34mSELECT "schema_migrations".* FROM "schema_migrations"[0m
Processing by TopicsController#index as HTML
  Rendering topics/index.html.erb within layouts/application
  [1m[36mTopic Load (0.2ms)[0m  [1m[34mSELECT "topics".* FROM "topics"[0m
  Rendered topics/index.html.erb within layouts/application (8.4ms)
Completed 200 OK in 506ms (Views: 500.9ms | ActiveRecord: 0.7ms)


Started GET "/topics/new" for ::1 at 2016-12-10 13:10:35 +0800
Processing by TopicsController#new as HTML
  Rendering topics/new.html.erb within layouts/application
  Rendered topics/_form.html.erb (19.4ms)
  Rendered topics/new.html.erb within layouts/application (21.3ms)
Completed 200 OK in 63ms (Views: 50.1ms | ActiveRecord: 0.8ms)


Started POST "/topics" for ::1 at 2016-12-10 13:11:23 +0800
Processing by TopicsController#create as HTML
  Parameters: {"utf8"=>"âœ“", "authenticity_token"=>"M8yv4J2SlinM/QgxyggT/nZMTzOO7fvht6dNj6rYWcrXGbVS0O91hWo4ahLMOsa8fEk0/vDyDts3utN6EXeMjA==", "topic"=>{"title"=>"ä½“éªŒç•™è¨€æ¿", "description"=>"çŽ¯å¢ƒå»ºç½®é˜¶æ®µ"}, "commit"=>"Create Topic"}
  [1m[35m (0.1ms)[0m  [1m[36mbegin transaction[0m
  [1m[35mSQL (1.1ms)[0m  [1m[32mINSERT INTO "topics" ("title", "description", "created_at", "updated_at") VALUES (?, ?, ?, ?)[0m  [["title", "ä½“éªŒç•™è¨€æ¿"], ["description", "çŽ¯å¢ƒå»ºç½®é˜¶æ®µ"], ["created_at", 2016-12-10 05:11:23 UTC], ["updated_at", 2016-12-10 05:11:23 UTC]]
  [1m[35m (0.8ms)[0m  [1m[36mcommit transaction[0m
Redirected to http://localhost:3000/topics/1
Completed 302 Found in 9ms (ActiveRecord: 2.0ms)


Started GET "/topics/1" for ::1 at 2016-12-10 13:11:23 +0800
Processing by TopicsController#show as HTML
  Parameters: {"id"=>"1"}
  [1m[36mTopic Load (0.3ms)[0m  [1m[34mSELECT  "topics".* FROM "topics" WHERE "topics"."id" = ? LIMIT ?[0m  [["id", 1], ["LIMIT", 1]]
  Rendering topics/show.html.erb within layouts/application
  Rendered topics/show.html.erb within layouts/application (2.0ms)
Completed 200 OK in 34ms (Views: 27.6ms | ActiveRecord: 0.3ms)


